e:\game\gamedemo\gamedemo\debug\imain.obj
e:\game\gamedemo\gamedemo\debug\vc100.pdb
e:\game\gamedemo\debug\gamedemo.ilk
e:\game\gamedemo\debug\gamedemo.exe
e:\game\gamedemo\gamedemo\debug\gamedemo.exe.intermediate.manifest
e:\game\gamedemo\debug\gamedemo.pdb
e:\software devlopment lab\game\gamedemo\gamedemo\debug\vc141.pdb
e:\software devlopment lab\game\gamedemo\gamedemo\debug\vc141.idb
e:\software devlopment lab\game\gamedemo\gamedemo\debug\imain.obj
e:\software devlopment lab\game\gamedemo\gamedemo\debug\cl.command.1.tlog
e:\software devlopment lab\game\gamedemo\gamedemo\debug\cl.read.1.tlog
e:\software devlopment lab\game\gamedemo\gamedemo\debug\cl.write.1.tlog
e:\software devlopment lab\game\gamedemo\gamedemo\debug\gamedemo.write.1.tlog
e:\software devlopment lab\game\gamedemo\gamedemo\debug\link.command.1.tlog
e:\software devlopment lab\game\gamedemo\gamedemo\debug\link.read.1.tlog
e:\software devlopment lab\game\gamedemo\gamedemo\debug\link.write.1.tlog
e:\software devlopment lab\game\gamedemo\gamedemo\debug\mt.command.1.tlog
e:\software devlopment lab\game\gamedemo\gamedemo\debug\mt.read.1.tlog
e:\software devlopment lab\game\gamedemo\gamedemo\debug\mt.write.1.tlog
e:\software devlopment lab\game\gamedemo\gamedemo\debug\gamedemo.exe.intermediate.manifest
e:\software devlopment lab\game\gamedemo\gamedemo\debug\vc100.idb
e:\software devlopment lab\game\gamedemo\gamedemo\debug\vc100.pdb
e:\software devlopment lab\game\gamedemo\debug\gamedemo.pdb
e:\software devlopment lab\game\gamedemo\gamedemo\debug\gamedemo.tlog\cl.command.1.tlog
e:\software devlopment lab\game\gamedemo\gamedemo\debug\gamedemo.tlog\cl.read.1.tlog
e:\software devlopment lab\game\gamedemo\gamedemo\debug\gamedemo.tlog\cl.write.1.tlog
e:\software devlopment lab\game\gamedemo\gamedemo\debug\gamedemo.tlog\link-cvtres.read.1.tlog
e:\software devlopment lab\game\gamedemo\gamedemo\debug\gamedemo.tlog\link-cvtres.write.1.tlog
e:\software devlopment lab\game\gamedemo\gamedemo\debug\gamedemo.tlog\link-rc.read.1.tlog
e:\software devlopment lab\game\gamedemo\gamedemo\debug\gamedemo.tlog\link-rc.write.1.tlog
e:\software devlopment lab\game\gamedemo\gamedemo\debug\gamedemo.tlog\link.command.1.tlog
e:\software devlopment lab\game\gamedemo\gamedemo\debug\gamedemo.tlog\link.delete.1.tlog
e:\software devlopment lab\game\gamedemo\gamedemo\debug\gamedemo.tlog\link.read.1.tlog
e:\software devlopment lab\game\gamedemo\gamedemo\debug\gamedemo.tlog\link.write.1.tlog
